<?xml version="1.0" encoding="UTF-8"?>
<testng-results ignored="1" total="6" passed="5" failed="0" skipped="0">
  <reporter-output>
  </reporter-output>
  <suite started-at="2023-10-13T15:03:00 IST" name="Default suite" finished-at="2023-10-13T15:04:45 IST" duration-ms="105014">
    <groups>
    </groups>
    <test started-at="2023-10-13T15:03:00 IST" name="Default test" finished-at="2023-10-13T15:04:45 IST" duration-ms="105014">
      <class name="testCase.Tc">
        <test-method is-config="true" signature="beforeMethod()[pri:0, instance:testCase.Tc@1ffaf86]" started-at="2023-10-13T15:03:01 IST" name="beforeMethod" finished-at="2023-10-13T15:03:23 IST" duration-ms="22153" status="PASS">
          <reporter-output>
          </reporter-output>
        </test-method> <!-- beforeMethod -->
        <test-method signature="verifyUrl()[pri:0, instance:testCase.Tc@1ffaf86]" started-at="2023-10-13T15:03:23 IST" name="verifyUrl" finished-at="2023-10-13T15:03:26 IST" duration-ms="3667" status="PASS">
          <reporter-output>
          </reporter-output>
        </test-method> <!-- verifyUrl -->
        <test-method is-config="true" signature="beforeMethod()[pri:0, instance:testCase.Tc@1ffaf86]" started-at="2023-10-13T15:03:26 IST" name="beforeMethod" finished-at="2023-10-13T15:03:41 IST" duration-ms="14606" status="PASS">
          <reporter-output>
          </reporter-output>
        </test-method> <!-- beforeMethod -->
        <test-method signature="verifyLoginWithValidCredential()[pri:1, instance:testCase.Tc@1ffaf86]" started-at="2023-10-13T15:03:41 IST" name="verifyLoginWithValidCredential" finished-at="2023-10-13T15:03:47 IST" duration-ms="6310" status="PASS">
          <reporter-output>
          </reporter-output>
        </test-method> <!-- verifyLoginWithValidCredential -->
        <test-method is-config="true" signature="beforeMethod()[pri:0, instance:testCase.Tc@1ffaf86]" started-at="2023-10-13T15:03:47 IST" name="beforeMethod" finished-at="2023-10-13T15:04:03 IST" duration-ms="15665" status="PASS">
          <reporter-output>
          </reporter-output>
        </test-method> <!-- beforeMethod -->
        <test-method signature="verifyScrollDown()[pri:2, instance:testCase.Tc@1ffaf86]" started-at="2023-10-13T15:04:03 IST" name="verifyScrollDown" finished-at="2023-10-13T15:04:06 IST" duration-ms="2744" status="PASS">
          <reporter-output>
          </reporter-output>
        </test-method> <!-- verifyScrollDown -->
        <test-method is-config="true" signature="beforeMethod()[pri:0, instance:testCase.Tc@1ffaf86]" started-at="2023-10-13T15:04:06 IST" name="beforeMethod" finished-at="2023-10-13T15:04:28 IST" duration-ms="22501" status="PASS">
          <reporter-output>
          </reporter-output>
        </test-method> <!-- beforeMethod -->
        <test-method signature="verifyGetWindowHandle()[pri:3, instance:testCase.Tc@1ffaf86]" started-at="2023-10-13T15:04:28 IST" name="verifyGetWindowHandle" finished-at="2023-10-13T15:04:31 IST" duration-ms="2506" status="PASS">
          <reporter-output>
          </reporter-output>
        </test-method> <!-- verifyGetWindowHandle -->
        <test-method is-config="true" signature="beforeMethod()[pri:0, instance:testCase.Tc@1ffaf86]" started-at="2023-10-13T15:04:31 IST" name="beforeMethod" finished-at="2023-10-13T15:04:45 IST" duration-ms="14605" status="PASS">
          <reporter-output>
          </reporter-output>
        </test-method> <!-- beforeMethod -->
        <test-method signature="verifyCookiesHandle()[pri:4, instance:testCase.Tc@1ffaf86]" started-at="2023-10-13T15:04:45 IST" name="verifyCookiesHandle" finished-at="2023-10-13T15:04:45 IST" duration-ms="37" status="PASS">
          <reporter-output>
          </reporter-output>
        </test-method> <!-- verifyCookiesHandle -->
      </class> <!-- testCase.Tc -->
    </test> <!-- Default test -->
  </suite> <!-- Default suite -->
</testng-results>
