<?xml version="1.0" encoding="UTF-8"?>
<!-- Generated by org.testng.reporters.JUnitXMLReporter -->
<testsuite ignored="1" hostname="DESKTOP-R8VL221" failures="0" tests="5" name="Default test" time="105.014" errors="0" timestamp="2023-10-13T15:04:46 IST">
  <testcase classname="testCase.Tc" name="verifyUrl" time="3.667"/>
  <testcase classname="testCase.Tc" name="verifyLoginWithValidCredential" time="6.31"/>
  <testcase classname="testCase.Tc" name="verifyScrollDown" time="2.744"/>
  <testcase classname="testCase.Tc" name="verifyGetWindowHandle" time="2.506"/>
  <testcase classname="testCase.Tc" name="verifyCookiesHandle" time="0.037"/>
  <testcase classname="testCase.Tc" name="giftcardpage" time="0.0">
    <ignored/>
  </testcase> <!-- giftcardpage -->
</testsuite> <!-- Default test -->
